ASSERT!! FsIoNotify.c Line 460
Occured Time  2015:04:02 15:37:23
Task ID: 15007777
Task name: SpyTask
SP: 0x0056A71C
StackDump:
0x00000000
0x00000000
0xFF0A2AEC
0x000001CC
0x00000000
0x00000003
0x00000101
0x00279B38
0x000001FF
0x00000000
0x19980218
0x0056A794
0xFF0A2C50
0x00000003
0x00279B38
0x00000101
0x00000001
0x000001FF
0xFF0341CC
0x00279B38
0x00280D6C
0x01034280
0x000006D7
0x19980218
0x19980218
0x19980218
0x00258E48
0x19980218
0x0056A798
0x002562CB
0x00258E34
0x0026C6EC
0x00277460
0x00000000
0x19980218
0x19980218
0x002438EF
0x19980218
0x00000692
0x00000002
0x19980218
0x19980218
0x19980218
0x19980218
0x19980218
0x19980218
0x19980218
0x19980218
0x19980218
0x19980218
0x19980218
0x00000093
0x19980218
0x19980218
0x19980218
0x19980218
0x19980218
0x19980218
0x19980218
0x19980218
0x0054FCEC
0x19980218
0x19980218
0x19980218
0x00673418
0x19980218
0x19980218
0x00002008
ShootConDump:
01 02 07 00 00 01 02 07 08 21 
CameraConDump:
07 0a 02 0d 09 01 0f 0f 0f 0f 
00054860: SS:PreCapt
00054870: SS:Q-Shoot
00054870: UI:ShtCon_NotifyQuickShooting
00054870: UI:ShootState:0x2
00054870: UI:ClearEventComp
00054870: UI:DisplayPhysicalScreenCBR
00054870: UI:Re ScreenUnLock
00054870: UI:ScreenUnLock
00054880: UI:DisplayPhysicalScreenCBR
00054900: UI:ShootSeqToUI:0x203b:adr:0x1,Para:1
00054930: UI:ShootSeqToUI:0x2006:adr:0x1e6c,Para:7788
00054940: UI:ShootSeqToUI:0x203f:adr:0xff362fd4,Para:-13226028
00054930: UI:DSIC:13,0
00054950: UI:ShtCon_SetAFBeep
00054950: UI:DSIC:69,0
00054960: UI:ShtCon_SetPreCapt
00054960: UI:DSIC:62,1
00054960: UI:ScreenLock
00054960: UI:ScreenUnLock
00054960: UI:_ResetShootingMode
00054960: SS:	Raw[1]
00054960: UI:_EntryPrepareShoot
00054960: UI:ShootState:0x7
00054960: UI:ShootState:0x8
00054960: UI:ShootState:0x21
00054960: UI:ShtCon_ContiShootPicture
00054960: UI:DSIC:14,0
00054960: UI:_MuteOn
00054960: UI:DSIC:43,0
00054960: UI:DispSwCon_MuteOnPhysicalScreen
00054960: UI:Window MuteOn
00054960: UI:MuteOnPhysicalScreen
00054960: SS:StartShoot
00054960: SS:SCtrl:ShootPic(1)
00054960: UI:DSIC:63,0
00054960: UI:ScreenLock
00054970: UI:ScreenUnLock
00054980: UI:ScreenLock
00054980: UI:Reduce ScreenUnLock
00054980: UI:ScreenLock
00054980: UI:Reduce ScreenUnLock
00055010: UI:ShootSeqToUI:0x2040:adr:0x5506ec,Para:5572332
00055060: UI:_MuteOff
00055060: UI:DSIC:44,0
00055060: UI:DispSwCon_MuteOffPhysicalScreen
00055060: UI:Window Reduce MuteOff
00055060: UI:DisplayPhysicalScreenCBR
00055060: UI:Re ScreenUnLock
00055060: UI:ScreenUnLock
00055060: UI:Window Re MuteOff
00055060: UI:MuteOffPhysicalScreen
00055060: UI:DisplayPhysicalScreenCBR
00055070: UI:DSIC:64,0
00055070: UI:DisplayPhysicalScreenCBR
00055820: UI:DSIC:45,0
00056960: SS:SCtrl:RecReview
00056960: SS:SCtrl:StartReview
00056960: UI:ShootSeqToUI:0x2041:adr:0x9e6c4,Para:648900
00057090: UI:DSIC:47,0
00057090: UI:ShootSeqToUI:0x203e:adr:0,Para:0
00057090: UI:ShootSeqToUI:0x2001:adr:0x3bf8,Para:15352
00057090: UI:Sht_CancelStrobeChargeTimer
00057090: UI:DSIC:4c,0
00057090: UI:ScreenLock
00057090: UI:ScreenUnLock
00057090: UI:Sht_CancelStrobeChargeTimer
00057090: UI:DSIC:4c,0
00057090: UI:ScreenLock
00057100: UI:Reduce ScreenUnLock
00057100: SS:SCtrl:NextShot(1)
00057100: SS:SCtrl:ShootPic(2)
00057100: UI:DSIC:46,0
00057110: UI:ShootSeqToUI:0x203f:adr:0xff362fd4,Para:-13226028
00057110: UI:DisplayPhysicalScreenCBR
00057110: UI:Re ScreenUnLock
00057110: UI:ScreenUnLock
00057120: SS:	Raw[1]
00057120: SS:	Raw[1]
00057120: SS:NextAvail(8),ReviewAvail(6)
00057180: UI:ShootSeqToUI:0x2040:adr:0x54f3e4,Para:5567460
00057200: UI:DisplayPhysicalScreenCBR
00057200: UI:DSIC:64,0
   
